<?xml version="1.0" encoding="UTF-8"?>
<!-- Generated by org.testng.reporters.JUnitReportReporter -->
<testsuite hostname="SDMMAC-F60-2.local" name="scripts.sfCreateProduct" tests="1" failures="0" timestamp="29 Dec 2015 12:40:41 GMT" time="112.823" errors="0">
  <testcase name="testPageObject" time="112.823" classname="scripts.sfCreateProduct"/>
</testsuite> <!-- scripts.sfCreateProduct -->
